<?xml version="1.0" encoding="UTF-8"?>
<!-- Generated by org.testng.reporters.JUnitReportReporter -->
<testsuite skipped="0" hostname="Pradeep" name="test.NewTest" tests="1" failures="0" timestamp="2020-08-16T10:26:18 IST" time="21.310" errors="0">
  <testcase name="testgooglrsearch" time="21.310" classname="test.NewTest"/>
  <system-out/>
</testsuite> <!-- test.NewTest -->
